0:11:52:2:39.04792 | SET ALARM OVERLOAD POWER TRANSFORMER: 0
0:11:52:2:39.04792 | SET ALARM OFF ELECTRICAL GRID: 0
0:11:52:2:39.04792 | SET ALARM OVERLOAD RESISTOR BANK: 0
0:11:52:2:39.03121 | SET ALARM LOW FUEL: 0
0:11:52:2:39.01455 | SET ALARM MANUAL COOLING TOWER: 0
0:11:52:2:38.99788 | SET ALARM GEN. 03 OFFLINE: 0
0:11:52:2:38.99788 | SET ALARM GEN. 02 OFFLINE: 0
0:11:52:2:38.99788 | SET ALARM GEN. 01 OFFLINE: 0
0:11:52:2:38.99788 | SET ALARM TURBINE 03 OFFLINE: 0
0:11:52:2:38.99788 | SET ALARM TURBINE 02 OFFLINE: 0
0:11:52:2:38.99788 | SET ALARM TURBINE 01 OFFLINE: 0
0:11:52:2:38.99788 | SET ALARM TURBINE OVERLOAD: 0
0:11:52:2:38.99788 | SET ALARM GEN 03 DESTROYED: 0
0:11:52:2:38.99788 | SET ALARM GEN 02 DESTROYED: 0
0:11:52:2:38.99788 | SET ALARM GEN 01 DESTROYED: 0
0:11:52:2:38.99788 | SET ALARM TUR 03 DESTROYED: 0
0:11:52:2:38.99788 | SET ALARM TUR 02 DESTROYED: 0
0:11:52:2:38.99788 | SET ALARM TUR 01 DESTROYED: 0
0:11:52:2:38.99788 | SET ALARM LOW INT. TUR. 3: 0
0:11:52:2:38.99788 | SET ALARM LOW INT. TUR. 2: 0
0:11:52:2:38.99788 | SET ALARM LOW INT. TUR. 1: 0
0:11:52:2:38.99788 | SET ALARM LOW INT. GEN. 3: 0
0:11:52:2:38.99788 | SET ALARM LOW INT. GEN. 2: 0
0:11:52:2:38.99788 | SET ALARM LOW INT. GEN. 1: 0
0:11:52:2:38.99788 | SET ALARM CRIT.INT. TURBINE 3: 0
0:11:52:2:38.99788 | SET ALARM CRIT.INT. TURBINE 2: 0
0:11:52:2:38.99788 | SET ALARM CRIT.INT. TURBINE 1: 0
0:11:52:2:38.99788 | SET ALARM CRITICAL INT. GEN. 3: 0
0:11:52:2:38.99788 | SET ALARM CRITICAL INT. GEN. 2: 0
0:11:52:2:38.99788 | SET ALARM CRITICAL INT. GEN. 1: 0
0:11:52:2:38.99788 | SET ALARM NO RESISTOR BANK: 0
0:11:52:2:38.99788 | SET ALARM LOW INTEGRITY GENERATOR 3: 0
0:11:52:2:38.99788 | SET ALARM LOW INTEGRITY GENERATOR 2: 0
0:11:52:2:38.99788 | SET ALARM LOW INTEGRITY GENERATOR 1: 0
0:11:52:2:38.99788 | SET ALARM LOW INTEGRITY TURBINE 3: 0
0:11:52:2:38.99788 | SET ALARM LOW INTEGRITY TURBINE 2: 0
0:11:52:2:38.99788 | SET ALARM LOW INTEGRITY TURBINE 1: 0
0:11:52:2:38.99788 | SET ALARM HIGH TEMP TURBINE 3: 0
0:11:52:2:38.99788 | SET ALARM HIGH TEMP TURBINE 2: 0
0:11:52:2:38.99788 | SET ALARM HIGH TEMP TURBINE 1: 0
0:11:52:2:38.98122 | SET ALARM HIGH VOLUME: 0
0:11:52:2:38.98122 | SET ALARM LOW VOLUME: 0
0:11:52:2:38.98122 | SET ALARM HIGH TEMPERATURE CONDENSER: 0
0:11:52:2:38.98122 | SET ALARM HIGH PRESSURE CONDENSER: 0
0:11:52:2:38.98122 | SET ALARM STG 3 RETURN BLOCK: 0
0:11:52:2:38.98122 | SET ALARM STG 2 RETURN BLOCK: 0
0:11:52:2:38.98122 | SET ALARM STG 1 RETURN BLOCK: 0
0:11:52:2:38.98122 | SET ALARM NO POWER IN COOLING TURBINE: 0
0:11:52:2:38.98122 | SET ALARM NO POWER PUMP 03: 0
0:11:52:2:38.98122 | SET ALARM NO POWER PUMP 02: 0
0:11:52:2:38.98122 | SET ALARM NO POWER PUMP 01: 0
0:11:52:2:38.96426 | SET ALARM PRESSURIZER LOW INTEGRITY: 0
0:11:52:2:38.96426 | SET ALARM PRESSURIZER HIGH PRESSURE: 0
0:11:52:2:38.96426 | SET ALARM PRESSURIZER HIGH TEMP: 0
0:11:52:2:38.94755 | SET ALARM SG 03 DESTROY: 0
0:11:52:2:38.94755 | SET ALARM SG 02 DESTROY: 0
0:11:52:2:38.94755 | SET ALARM SG 01 DESTROY: 0
0:11:52:2:38.94755 | SET ALARM CRITICAL INTEGRITY STE.GEN.3: 0
0:11:52:2:38.94755 | SET ALARM CRITICAL INTEGRITY STE.GEN.2: 0
0:11:52:2:38.94755 | SET ALARM CRITICAL INTEGRITY STE.GEN.1: 0
0:11:52:2:38.94755 | SET ALARM LOW INTEGRITY STE.GEN.3: 0
0:11:52:2:38.94755 | SET ALARM LOW INTEGRITY STE.GEN.2: 0
0:11:52:2:38.94755 | SET ALARM LOW INTEGRITY STE.GEN.1: 0
0:11:52:2:38.94755 | SET ALARM LOW VOLUME STE.GEN.3: 0
0:11:52:2:38.94755 | SET ALARM LOW VOLUME STE.GEN.2: 0
0:11:52:2:38.94755 | SET ALARM LOW VOLUME STE.GEN.1: 0
0:11:52:2:38.94755 | SET ALARM HIGH PRESSURE STE.GEN.3: 0
0:11:52:2:38.94755 | SET ALARM HIGH PRESSURE STE.GEN.2: 0
0:11:52:2:38.94755 | SET ALARM HIGH PRESSURE STE.GEN.1: 0
0:11:52:2:38.94755 | SET ALARM HIGH TEMP STE.GEN.3: 0
0:11:52:2:38.94755 | SET ALARM HIGH TEMP STE.GEN.2: 0
0:11:52:2:38.94755 | SET ALARM HIGH TEMP STE.GEN.1: 0
0:11:52:2:38.93086 | SET ALARM INS. CORE GATE OPEN: 0
0:11:52:2:38.93086 | SET ALARM LOW VOL EXTER VESSEL: 0
0:11:52:2:38.93086 | SET ALARM PUMP DESTROYED: 0
0:11:52:2:38.93086 | SET ALARM DAMAGED CIRCULATION PUMP 03: 0
0:11:52:2:38.93086 | SET ALARM DAMAGED CIRCULATION PUMP 02: 0
0:11:52:2:38.93086 | SET ALARM DAMAGED CIRCULATION PUMP 01: 0
0:11:52:2:38.93086 | SET ALARM DRY CIRCULATION PUMP 03: 0
0:11:52:2:38.93086 | SET ALARM DRY CIRCULATION PUMP 02: 0
0:11:52:2:38.93086 | SET ALARM DRY CIRCULATION PUMP 01: 0
0:11:52:2:38.93086 | SET ALARM LOW QUANTITY: 0
0:11:52:2:38.91404 | SET ALARM REDUCED MOVEMENT DUE TO HIGH TEMP: 0
0:11:52:2:38.91404 | SET ALARM INTERNAL MOTOR DAMAGED: 0
0:11:52:2:38.89738 | SET ALARM STUCK FUEL BLOCKS: 0
0:11:52:2:38.89738 | SET ALARM RADIATION DUE TO EXPOSED FUEL: 0
0:11:52:2:38.89738 | SET ALARM OPEN HATCHES: 0
0:11:52:2:38.89738 | SET ALARM THERMAL CONTROL DISABLED: 0
0:11:52:2:38.88049 | SET ALARM OPEN HATCH / GATES: 0
0:11:52:2:38.88049 | SET ALARM HIGH STEAM LEVEL: 0
0:11:52:2:38.88049 | SET ALARM STEAM DETECTED: 0
0:11:52:2:38.88049 | SET ALARM LOW COOLANT FLOW: 0
0:11:52:2:38.88049 | SET ALARM FLOODED CORE: 0
0:11:52:2:38.88049 | SET ALARM LOW OUTPUT FLOW: 0
0:11:52:2:38.88049 | SET ALARM LOW INPUT FLOW: 0
0:11:52:2:38.88049 | SET ALARM NO CONTROL RODS: 0
0:11:52:2:38.88049 | SET ALARM LOW INTEGRITY: 0
0:11:52:2:38.88049 | SET ALARM CRITICAL INTEGRITY: 0
0:11:52:2:38.88049 | SET ALARM HIGH PRESSURE: 0
0:11:52:2:38.88049 | SET ALARM NO ELECTRICAL VOLTAGE: 0
0:11:52:2:38.88049 | SET ALARM HIGH TEMP: 0
0:11:52:2:38.88049 | SET ALARM VERY HIGH TEMP: 0
0:11:52:2:38.88049 | SET ALARM CRITICAL TEMP: 0
0:11:52:2:38.88049 | SET ALARM EMERGENCY STOP: 0
0:11:51:4:30.8046 | REQUEST  ENERGY PRE_CONTENEDOR: 0
0:11:51:3:30.08797 | REQUEST  ENERGY PRE_CONTENEDOR: 0.2
0:11:51:2:29.28138 | REQUEST  ENERGY BC_0_CONDENSADOR_CIRCULACION: 0.04
0:11:51:2:29.28138 | REQUEST  ENERGY BC_1_CONDENSADOR_CARGA: 0
0:11:51:2:29.28138 | REQUEST  ENERGY BC_2_NUCLEO_CARGA: 0
0:11:51:2:29.28138 | REQUEST  ENERGY BC_0_REFRIGERANTE_CARGA: 0
0:11:51:2:29.28138 | REQUEST  ENERGY BC_2_REFRIGERANTE_CIRCULACION: 0.08
0:11:51:2:29.28138 | REQUEST  ENERGY PRE_CONTENEDOR: 1
0:11:51:2:29.28138 | REQUEST  ENERGY COMPUERTA_DEPOSITO_A_TRANS: 0.03
0:11:51:2:29.28138 | REQUEST  ENERGY COMPUERTA_ENTRADAPRINCIPAL: 0.02
0:11:51:2:29.28138 | REQUEST  ENERGY COMPUERTA_SALADESUMINISTROS: 0.03
0:11:51:2:29.28138 | REQUEST  ENERGY COMPUERTA_SALADETURBINAS_SALIDAENTREPISO: 0.03
0:11:51:2:29.28138 | REQUEST  ENERGY COMPUERTA_SALADETURBINAS_ENTRADASUPERIOR: 0.03
0:11:51:2:29.28138 | REQUEST  ENERGY COMPUERTA_SALADETURBINAS_ENTRADAENTREPISO: 0.03
0:11:51:2:29.28138 | REQUEST  ENERGY PALANCA: 0.02
0:11:51:2:29.28138 | REQUEST  ENERGY PALANCA: 0.1
0:11:51:2:29.28138 | REQUEST  ENERGY PALANCA: 0
0:11:51:2:29.28138 | REQUEST  ENERGY PALANCA: 0.1
0:11:51:2:29.28138 | REQUEST  ENERGY PALANCA: 0.01
0:11:51:2:29.28138 | REQUEST  ENERGY COMPUERTA_SALADECONTROL: 0.01
0:11:51:2:29.28138 | REQUEST  ENERGY COMPUERTA_SALADECONTROL: 0.02
0:11:51:2:29.28138 | REQUEST  ENERGY COMPUERTA_SALAEXTERNAGENERADORES: 0.02
0:11:51:2:29.28138 | REQUEST  ENERGY COMPUERTA_SALADESERVICIOS_A_GEN: 0.02
0:11:51:2:29.28138 | REQUEST  ENERGY COMPUERTA_SALADECONTROL: 0.03
0:11:51:2:29.28138 | REQUEST  ENERGY COMPUERTA_SALADESERVICIOS: 0.02
0:11:51:2:29.28138 | REQUEST  ENERGY COMPUERTA_SALAQUIMICOS: 0.02
